-------------------------------------------------------------------------------
Test set: be.iramps.be.iramps.TestProjet$calculTVAFraisTransformation
-------------------------------------------------------------------------------
Tests run: 2, Failures: 0, Errors: 0, Skipped: 0, Time elapsed: 0.015 s -- in be.iramps.be.iramps.TestProjet$calculTVAFraisTransformation
be.iramps.be.iramps.TestProjet$calculTVAFraisTransformation.calculTVAFraisTransformationArrondi -- Time elapsed: 0.001 s
be.iramps.be.iramps.TestProjet$calculTVAFraisTransformation.calculTVAFraisTransformationSimple -- Time elapsed: 0.012 s
