-------------------------------------------------------------------------------
Test set: be.iramps.be.iramps.calculApportMinimalTest
-------------------------------------------------------------------------------
Tests run: 6, Failures: 4, Errors: 0, Skipped: 0, Time elapsed: 4.100 s <<< FAILURE! -- in be.iramps.be.iramps.calculApportMinimalTest
be.iramps.be.iramps.calculApportMinimalTest.testCalculApportMinimalValeursDecimales -- Time elapsed: 0.398 s <<< FAILURE!
org.opentest4j.AssertionFailedError: expected: <67536.42> but was: <67536.419>
	at org.junit.jupiter.api.AssertionFailureBuilder.build(AssertionFailureBuilder.java:151)
	at org.junit.jupiter.api.AssertionFailureBuilder.buildAndThrow(AssertionFailureBuilder.java:132)
	at org.junit.jupiter.api.AssertEquals.failNotEqual(AssertEquals.java:197)
	at org.junit.jupiter.api.AssertEquals.assertEquals(AssertEquals.java:70)
	at org.junit.jupiter.api.AssertEquals.assertEquals(AssertEquals.java:65)
	at org.junit.jupiter.api.Assertions.assertEquals(Assertions.java:885)
	at be.iramps.be.iramps.calculApportMinimalTest.testCalculApportMinimalValeursDecimales(calculApportMinimalTest.java:100)
	at java.base/java.lang.reflect.Method.invoke(Method.java:568)
	at java.base/java.util.ArrayList.forEach(ArrayList.java:1511)
	at java.base/java.util.ArrayList.forEach(ArrayList.java:1511)

be.iramps.be.iramps.calculApportMinimalTest.testCalculApportMinimalFraisTransformationNegatifs -- Time elapsed: 0.029 s <<< FAILURE!
org.opentest4j.AssertionFailedError: Expected java.lang.IllegalArgumentException to be thrown, but nothing was thrown.
	at org.junit.jupiter.api.AssertionFailureBuilder.build(AssertionFailureBuilder.java:152)
	at org.junit.jupiter.api.AssertThrows.assertThrows(AssertThrows.java:73)
	at org.junit.jupiter.api.AssertThrows.assertThrows(AssertThrows.java:35)
	at org.junit.jupiter.api.Assertions.assertThrows(Assertions.java:3111)
	at be.iramps.be.iramps.calculApportMinimalTest.testCalculApportMinimalFraisTransformationNegatifs(calculApportMinimalTest.java:115)
	at java.base/java.lang.reflect.Method.invoke(Method.java:568)
	at java.base/java.util.ArrayList.forEach(ArrayList.java:1511)
	at java.base/java.util.ArrayList.forEach(ArrayList.java:1511)

be.iramps.be.iramps.calculApportMinimalTest.testCalculApportMinimalFraisTransformationZero -- Time elapsed: 0.009 s
be.iramps.be.iramps.calculApportMinimalTest.testCalculApportMinimalPrixHabitationNul -- Time elapsed: 0.024 s <<< FAILURE!
org.opentest4j.AssertionFailedError: Expected java.lang.IllegalArgumentException to be thrown, but nothing was thrown.
	at org.junit.jupiter.api.AssertionFailureBuilder.build(AssertionFailureBuilder.java:152)
	at org.junit.jupiter.api.AssertThrows.assertThrows(AssertThrows.java:73)
	at org.junit.jupiter.api.AssertThrows.assertThrows(AssertThrows.java:35)
	at org.junit.jupiter.api.Assertions.assertThrows(Assertions.java:3111)
	at be.iramps.be.iramps.calculApportMinimalTest.testCalculApportMinimalPrixHabitationNul(calculApportMinimalTest.java:80)
	at java.base/java.lang.reflect.Method.invoke(Method.java:568)
	at java.base/java.util.ArrayList.forEach(ArrayList.java:1511)
	at java.base/java.util.ArrayList.forEach(ArrayList.java:1511)

be.iramps.be.iramps.calculApportMinimalTest.testCalculApportMinimalAvecValeursStandardsEtElevees -- Time elapsed: 0.013 s
be.iramps.be.iramps.calculApportMinimalTest.testCalculApportMinimalFraisNotaireNegatifs -- Time elapsed: 0.008 s <<< FAILURE!
org.opentest4j.AssertionFailedError: Expected java.lang.IllegalArgumentException to be thrown, but nothing was thrown.
	at org.junit.jupiter.api.AssertionFailureBuilder.build(AssertionFailureBuilder.java:152)
	at org.junit.jupiter.api.AssertThrows.assertThrows(AssertThrows.java:73)
	at org.junit.jupiter.api.AssertThrows.assertThrows(AssertThrows.java:35)
	at org.junit.jupiter.api.Assertions.assertThrows(Assertions.java:3111)
	at be.iramps.be.iramps.calculApportMinimalTest.testCalculApportMinimalFraisNotaireNegatifs(calculApportMinimalTest.java:131)
	at java.base/java.lang.reflect.Method.invoke(Method.java:568)
	at java.base/java.util.ArrayList.forEach(ArrayList.java:1511)
	at java.base/java.util.ArrayList.forEach(ArrayList.java:1511)

